<?xml version="1.0" encoding="UTF-8"?>
<!-- Generated by org.testng.reporters.JUnitReportReporter -->
<testsuite hostname="LAPTOP-HE29MSGP" failures="0" tests="2" name="LoginpageProject.Logintest" time="64.007" errors="0" timestamp="2023-11-19T12:38:50 IST" skipped="0">
  <testcase classname="LoginpageProject.Logintest" name="validLoginTest" time="24.792"/>
  <system-out/>
  <testcase classname="LoginpageProject.Logintest" name="invalidLoginTest" time="39.215"/>
  <system-out/>
</testsuite> <!-- LoginpageProject.Logintest -->
